<li><em>2023-05-06 22:05:38</em>
APPLY FILTER <strong>sirsc_custom_upload_rule</strong> ( {"settings":"...","id":0,"type":"page","parent_id":0,"parent_type":""} )</li>
<li><em>2023-05-06 22:01:30</em>
APPLY FILTER <strong>sirsc_custom_upload_rule</strong> ( {"settings":"...","id":0,"type":"","parent_id":1761,"parent_type":"page"} )</li>
<li><em>2023-05-06 22:01:18</em>
APPLY FILTER <strong>sirsc_custom_upload_rule</strong> ( {"settings":"...","id":0,"type":"","parent_id":1761,"parent_type":"page"} )</li>
<li><em>2023-05-06 22:01:17</em>
APPLY FILTER <strong>sirsc_custom_upload_rule</strong> ( {"settings":"...","id":0,"type":"","parent_id":1761,"parent_type":"page"} )</li>
<li><em>2023-05-06 22:00:59</em>
APPLY FILTER <strong>sirsc_custom_upload_rule</strong> ( {"settings":"...","id":0,"type":"","parent_id":1761,"parent_type":"page"} )</li>
<li><em>2023-05-06 20:21:42</em>
DO ACTION <b>sirsc_attachment_images_processed</b> ( {"meta":"...","id":6} )</li>
<li><em>2023-05-06 20:21:42</em>
DO ACTION <b>sirsc_image_processed</b> ( {"id":6,"size_name":"thumbnail"} )</li>
<li><em>2023-05-06 20:21:42</em>
APPLY FILTER <strong>sirsc_custom_upload_rule</strong> ( {"settings":"...","id":6,"type":"attachment","parent_id":5,"parent_type":"page"} )</li>
<li><em>2023-05-06 20:21:41</em>
DO ACTION <b>sirsc_attachment_images_processed</b> ( {"meta":"...","id":13} )</li>
<li><em>2023-05-06 20:21:41</em>
DO ACTION <b>sirsc_image_processed</b> ( {"id":13,"size_name":"thumbnail"} )</li>
<li><em>2023-05-06 20:21:40</em>
APPLY FILTER <strong>sirsc_custom_upload_rule</strong> ( {"settings":"...","id":13,"type":"attachment","parent_id":12,"parent_type":"post"} )</li>
<li><em>2023-05-06 20:21:39</em>
DO ACTION <b>sirsc_attachment_images_processed</b> ( {"meta":"...","id":14} )</li>
<li><em>2023-05-06 20:21:39</em>
DO ACTION <b>sirsc_image_processed</b> ( {"id":14,"size_name":"thumbnail"} )</li>
<li><em>2023-05-06 20:21:39</em>
APPLY FILTER <strong>sirsc_custom_upload_rule</strong> ( {"settings":"...","id":14,"type":"attachment","parent_id":12,"parent_type":"post"} )</li>
<li><em>2023-05-06 20:21:38</em>
DO ACTION <b>sirsc_attachment_images_processed</b> ( {"meta":"...","id":25} )</li>
<li><em>2023-05-06 20:21:38</em>
DO ACTION <b>sirsc_image_processed</b> ( {"id":25,"size_name":"thumbnail"} )</li>
<li><em>2023-05-06 20:21:36</em>
DO ACTION <b>sirsc_attachment_images_processed</b> ( {"meta":"...","id":26} )</li>
<li><em>2023-05-06 20:21:36</em>
DO ACTION <b>sirsc_image_processed</b> ( {"id":26,"size_name":"thumbnail"} )</li>
<li><em>2023-05-06 20:21:35</em>
DO ACTION <b>sirsc_attachment_images_processed</b> ( {"meta":"...","id":827} )</li>
<li><em>2023-05-06 20:21:35</em>
DO ACTION <b>sirsc_image_processed</b> ( {"id":827,"size_name":"thumbnail"} )</li>
<li><em>2023-05-06 20:21:35</em>
APPLY FILTER <strong>sirsc_custom_upload_rule</strong> ( {"settings":"...","id":827,"type":"attachment","parent_id":501,"parent_type":"page"} )</li>
<li><em>2023-05-06 20:21:34</em>
DO ACTION <b>sirsc_attachment_images_processed</b> ( {"meta":"...","id":1628} )</li>
<li><em>2023-05-06 20:21:34</em>
DO ACTION <b>sirsc_image_processed</b> ( {"id":1628,"size_name":"thumbnail"} )</li>
<li><em>2023-05-06 20:21:34</em>
APPLY FILTER <strong>sirsc_custom_upload_rule</strong> ( {"settings":"...","id":1628,"type":"attachment","parent_id":1163,"parent_type":"post"} )</li>
<li><em>2023-05-06 20:21:33</em>
DO ACTION <b>sirsc_attachment_images_processed</b> ( {"meta":"...","id":1686} )</li>
<li><em>2023-05-06 20:21:33</em>
DO ACTION <b>sirsc_image_processed</b> ( {"id":1686,"size_name":"thumbnail"} )</li>
<li><em>2023-05-06 20:21:32</em>
DO ACTION <b>sirsc_attachment_images_processed</b> ( {"meta":"...","id":1687} )</li>
<li><em>2023-05-06 20:21:32</em>
DO ACTION <b>sirsc_image_processed</b> ( {"id":1687,"size_name":"thumbnail"} )</li>
<li><em>2023-05-06 20:21:30</em>
DO ACTION <b>sirsc_attachment_images_processed</b> ( {"meta":"...","id":1691} )</li>
<li><em>2023-05-06 20:21:30</em>
DO ACTION <b>sirsc_image_processed</b> ( {"id":1691,"size_name":"thumbnail"} )</li>
<li><em>2023-05-06 20:21:30</em>
APPLY FILTER <strong>sirsc_custom_upload_rule</strong> ( {"settings":"...","id":1691,"type":"attachment","parent_id":555,"parent_type":"post"} )</li>
<li><em>2023-05-06 20:21:29</em>
DO ACTION <b>sirsc_attachment_images_processed</b> ( {"meta":"...","id":1692} )</li>
<li><em>2023-05-06 20:21:29</em>
DO ACTION <b>sirsc_image_processed</b> ( {"id":1692,"size_name":"thumbnail"} )</li>
<li><em>2023-05-06 20:21:29</em>
APPLY FILTER <strong>sirsc_custom_upload_rule</strong> ( {"settings":"...","id":1692,"type":"attachment","parent_id":501,"parent_type":"page"} )</li>
<li><em>2023-05-06 20:21:28</em>
DO ACTION <b>sirsc_attachment_images_processed</b> ( {"meta":"...","id":1716} )</li>
<li><em>2023-05-06 20:21:28</em>
DO ACTION <b>sirsc_image_processed</b> ( {"id":1716,"size_name":"thumbnail"} )</li>
<li><em>2023-05-06 20:21:27</em>
DO ACTION <b>sirsc_attachment_images_processed</b> ( {"meta":"...","id":1721} )</li>
<li><em>2023-05-06 20:21:27</em>
DO ACTION <b>sirsc_image_processed</b> ( {"id":1721,"size_name":"thumbnail"} )</li>
<li><em>2023-05-06 20:21:26</em>
DO ACTION <b>sirsc_attachment_images_processed</b> ( {"meta":"...","id":1723} )</li>
<li><em>2023-05-06 20:21:26</em>
DO ACTION <b>sirsc_image_processed</b> ( {"id":1723,"size_name":"thumbnail"} )</li>
<li><em>2023-05-06 20:21:25</em>
DO ACTION <b>sirsc_attachment_images_processed</b> ( {"meta":"...","id":1725} )</li>
<li><em>2023-05-06 20:21:25</em>
DO ACTION <b>sirsc_image_processed</b> ( {"id":1725,"size_name":"thumbnail"} )</li>
<li><em>2023-05-06 20:21:23</em>
DO ACTION <b>sirsc_attachment_images_processed</b> ( {"meta":"...","id":1727} )</li>
<li><em>2023-05-06 20:21:23</em>
DO ACTION <b>sirsc_image_processed</b> ( {"id":1727,"size_name":"thumbnail"} )</li>
<li><em>2023-05-06 20:20:01</em>
DO ACTION <b>sirsc_image_file_deleted</b> ( {"id":6,"file":"C:\\OSPanel\\domains\\wordpress/wp-content/uploads/2023/04/\u0417\u043d\u0456\u043c\u043e\u043a-\u0435\u043a\u0440\u0430\u043d\u0430_20230114_215639-300x163.png"} )</li>
<li><em>2023-05-06 20:20:01</em>
DO ACTION <b>sirsc_image_file_deleted</b> ( {"id":13,"file":"C:\\OSPanel\\domains\\wordpress/wp-content/uploads/2023/04/\u0417\u043d\u0456\u043c\u043e\u043a-\u0435\u043a\u0440\u0430\u043d\u0430_20230120_220715-300x90.png"} )</li>
<li><em>2023-05-06 20:20:01</em>
DO ACTION <b>sirsc_image_file_deleted</b> ( {"id":14,"file":"C:\\OSPanel\\domains\\wordpress/wp-content/uploads/2023/04/\u0417\u043d\u0456\u043c\u043e\u043a-\u0435\u043a\u0440\u0430\u043d\u0430_20230107_174436-300x152.png"} )</li>
<li><em>2023-05-06 20:20:01</em>
DO ACTION <b>sirsc_image_file_deleted</b> ( {"id":25,"file":"C:\\OSPanel\\domains\\wordpress/wp-content/uploads/2023/04/\u0417\u043d\u0456\u043c\u043e\u043a-\u0435\u043a\u0440\u0430\u043d\u0430_20221126_221116-158x300.png"} )</li>
<li><em>2023-05-06 20:20:01</em>
DO ACTION <b>sirsc_image_file_deleted</b> ( {"id":26,"file":"C:\\OSPanel\\domains\\wordpress/wp-content/uploads/2023/04/\u0417\u043d\u0456\u043c\u043e\u043a-\u0435\u043a\u0440\u0430\u043d\u0430_20221126_221116-edited-44x300.png"} )</li>
<li><em>2023-05-06 20:20:01</em>
DO ACTION <b>sirsc_image_file_deleted</b> ( {"id":827,"file":"C:\\OSPanel\\domains\\wordpress/wp-content/uploads/2012/07/manhattansummer-300x225.jpg"} )</li>
<li><em>2023-05-06 20:20:01</em>
DO ACTION <b>sirsc_image_file_deleted</b> ( {"id":1628,"file":"C:\\OSPanel\\domains\\wordpress/wp-content/uploads/2013/04/triforce-wallpaper-300x188.jpg"} )</li>
<li><em>2023-05-06 20:20:01</em>
DO ACTION <b>sirsc_image_file_deleted</b> ( {"id":1686,"file":"C:\\OSPanel\\domains\\wordpress/wp-content/uploads/2013/09/dsc20040724_152504_532-300x225.jpg"} )</li>
<li><em>2023-05-06 20:20:00</em>
DO ACTION <b>sirsc_image_file_deleted</b> ( {"id":1687,"file":"C:\\OSPanel\\domains\\wordpress/wp-content/uploads/2013/09/dsc20050604_133440_34211-300x225.jpg"} )</li>
<li><em>2023-05-06 20:20:00</em>
DO ACTION <b>sirsc_image_file_deleted</b> ( {"id":1691,"file":"C:\\OSPanel\\domains\\wordpress/wp-content/uploads/2014/01/dsc20050315_145007_132-300x225.jpg"} )</li>
<li><em>2023-05-06 20:20:00</em>
DO ACTION <b>sirsc_image_file_deleted</b> ( {"id":1725,"file":"C:\\OSPanel\\domains\\wordpress/wp-content/uploads/2023/04/the-illustration-graphic-consists-of-abstract-background-with-a-blue-gradient-dynamic-shapes-composition-eps10-perfect-for-presentation-background-website-landing-page-wallpaper-vector-300x188.jpg"} )</li>
<li><em>2023-05-06 20:19:56</em>
DO ACTION <b>sirsc_image_file_deleted</b> ( {"id":6,"file":"C:\\OSPanel\\domains\\wordpress/wp-content/uploads/2023/04/\u0417\u043d\u0456\u043c\u043e\u043a-\u0435\u043a\u0440\u0430\u043d\u0430_20230114_215639-768x418.png"} )</li>
<li><em>2023-05-06 20:19:56</em>
DO ACTION <b>sirsc_image_file_deleted</b> ( {"id":13,"file":"C:\\OSPanel\\domains\\wordpress/wp-content/uploads/2023/04/\u0417\u043d\u0456\u043c\u043e\u043a-\u0435\u043a\u0440\u0430\u043d\u0430_20230120_220715-768x230.png"} )</li>
<li><em>2023-05-06 20:19:56</em>
DO ACTION <b>sirsc_image_file_deleted</b> ( {"id":14,"file":"C:\\OSPanel\\domains\\wordpress/wp-content/uploads/2023/04/\u0417\u043d\u0456\u043c\u043e\u043a-\u0435\u043a\u0440\u0430\u043d\u0430_20230107_174436-768x390.png"} )</li>
<li><em>2023-05-06 20:19:56</em>
DO ACTION <b>sirsc_image_file_deleted</b> ( {"id":1628,"file":"C:\\OSPanel\\domains\\wordpress/wp-content/uploads/2013/04/triforce-wallpaper-768x480.jpg"} )</li>
<li><em>2023-05-06 20:19:56</em>
DO ACTION <b>sirsc_image_file_deleted</b> ( {"id":1725,"file":"C:\\OSPanel\\domains\\wordpress/wp-content/uploads/2023/04/the-illustration-graphic-consists-of-abstract-background-with-a-blue-gradient-dynamic-shapes-composition-eps10-perfect-for-presentation-background-website-landing-page-wallpaper-vector-768x480.jpg"} )</li>
<li><em>2023-05-06 20:19:54</em>
DO ACTION <b>sirsc_image_file_deleted</b> ( {"id":6,"file":"C:\\OSPanel\\domains\\wordpress/wp-content/uploads/2023/04/\u0417\u043d\u0456\u043c\u043e\u043a-\u0435\u043a\u0440\u0430\u043d\u0430_20230114_215639-1024x557.png"} )</li>
<li><em>2023-05-06 20:19:54</em>
DO ACTION <b>sirsc_image_file_deleted</b> ( {"id":13,"file":"C:\\OSPanel\\domains\\wordpress/wp-content/uploads/2023/04/\u0417\u043d\u0456\u043c\u043e\u043a-\u0435\u043a\u0440\u0430\u043d\u0430_20230120_220715-1024x307.png"} )</li>
<li><em>2023-05-06 20:19:54</em>
DO ACTION <b>sirsc_image_file_deleted</b> ( {"id":14,"file":"C:\\OSPanel\\domains\\wordpress/wp-content/uploads/2023/04/\u0417\u043d\u0456\u043c\u043e\u043a-\u0435\u043a\u0440\u0430\u043d\u0430_20230107_174436-1024x520.png"} )</li>
<li><em>2023-05-06 20:19:54</em>
DO ACTION <b>sirsc_image_file_deleted</b> ( {"id":1628,"file":"C:\\OSPanel\\domains\\wordpress/wp-content/uploads/2013/04/triforce-wallpaper-1024x640.jpg"} )</li>
<li><em>2023-05-06 20:19:54</em>
DO ACTION <b>sirsc_image_file_deleted</b> ( {"id":1725,"file":"C:\\OSPanel\\domains\\wordpress/wp-content/uploads/2023/04/the-illustration-graphic-consists-of-abstract-background-with-a-blue-gradient-dynamic-shapes-composition-eps10-perfect-for-presentation-background-website-landing-page-wallpaper-vector-936x585.jpg"} )</li>
<li><em>2023-05-06 20:19:51</em>
DO ACTION <b>sirsc_image_file_deleted</b> ( {"id":6,"file":"C:\\OSPanel\\domains\\wordpress/wp-content/uploads/2023/04/\u0417\u043d\u0456\u043c\u043e\u043a-\u0435\u043a\u0440\u0430\u043d\u0430_20230114_215639-1536x836.png"} )</li>
<li><em>2023-05-06 20:19:51</em>
DO ACTION <b>sirsc_image_file_deleted</b> ( {"id":13,"file":"C:\\OSPanel\\domains\\wordpress/wp-content/uploads/2023/04/\u0417\u043d\u0456\u043c\u043e\u043a-\u0435\u043a\u0440\u0430\u043d\u0430_20230120_220715-1536x460.png"} )</li>
<li><em>2023-05-06 20:19:51</em>
DO ACTION <b>sirsc_image_file_deleted</b> ( {"id":14,"file":"C:\\OSPanel\\domains\\wordpress/wp-content/uploads/2023/04/\u0417\u043d\u0456\u043c\u043e\u043a-\u0435\u043a\u0440\u0430\u043d\u0430_20230107_174436-1536x780.png"} )</li>
<li><em>2023-05-06 20:19:51</em>
DO ACTION <b>sirsc_image_file_deleted</b> ( {"id":1725,"file":"C:\\OSPanel\\domains\\wordpress/wp-content/uploads/2023/04/the-illustration-graphic-consists-of-abstract-background-with-a-blue-gradient-dynamic-shapes-composition-eps10-perfect-for-presentation-background-website-landing-page-wallpaper-vector-1536x960.jpg"} )</li>
<li><em>2023-05-06 20:19:49</em>
DO ACTION <b>sirsc_image_file_deleted</b> ( {"id":13,"file":"C:\\OSPanel\\domains\\wordpress/wp-content/uploads/2023/04/\u0417\u043d\u0456\u043c\u043e\u043a-\u0435\u043a\u0440\u0430\u043d\u0430_20230120_220715-2048x613.png"} )</li>
<li><em>2023-05-06 20:19:35</em>
DO ACTION <b>sirsc_image_file_deleted</b> ( {"id":6,"file":"C:\\OSPanel\\domains\\wordpress/wp-content/uploads/2023/04/\u0417\u043d\u0456\u043c\u043e\u043a-\u0435\u043a\u0440\u0430\u043d\u0430_20230114_215639-250x220.png"} )</li>
<li><em>2023-05-06 20:19:35</em>
DO ACTION <b>sirsc_image_file_deleted</b> ( {"id":13,"file":"C:\\OSPanel\\domains\\wordpress/wp-content/uploads/2023/04/\u0417\u043d\u0456\u043c\u043e\u043a-\u0435\u043a\u0440\u0430\u043d\u0430_20230120_220715-250x220.png"} )</li>
<li><em>2023-05-06 20:19:35</em>
DO ACTION <b>sirsc_image_file_deleted</b> ( {"id":14,"file":"C:\\OSPanel\\domains\\wordpress/wp-content/uploads/2023/04/\u0417\u043d\u0456\u043c\u043e\u043a-\u0435\u043a\u0440\u0430\u043d\u0430_20230107_174436-250x220.png"} )</li>
<li><em>2023-05-06 20:19:35</em>
DO ACTION <b>sirsc_image_file_deleted</b> ( {"id":25,"file":"C:\\OSPanel\\domains\\wordpress/wp-content/uploads/2023/04/\u0417\u043d\u0456\u043c\u043e\u043a-\u0435\u043a\u0440\u0430\u043d\u0430_20221126_221116-250x220.png"} )</li>
<li><em>2023-05-06 20:19:35</em>
DO ACTION <b>sirsc_image_file_deleted</b> ( {"id":26,"file":"C:\\OSPanel\\domains\\wordpress/wp-content/uploads/2023/04/\u0417\u043d\u0456\u043c\u043e\u043a-\u0435\u043a\u0440\u0430\u043d\u0430_20221126_221116-edited-114x220.png"} )</li>
<li><em>2023-05-06 20:19:35</em>
DO ACTION <b>sirsc_image_file_deleted</b> ( {"id":827,"file":"C:\\OSPanel\\domains\\wordpress/wp-content/uploads/2012/07/manhattansummer-250x220.jpg"} )</li>
<li><em>2023-05-06 20:19:35</em>
DO ACTION <b>sirsc_image_file_deleted</b> ( {"id":1628,"file":"C:\\OSPanel\\domains\\wordpress/wp-content/uploads/2013/04/triforce-wallpaper-250x220.jpg"} )</li>
<li><em>2023-05-06 20:19:35</em>
DO ACTION <b>sirsc_image_file_deleted</b> ( {"id":1686,"file":"C:\\OSPanel\\domains\\wordpress/wp-content/uploads/2013/09/dsc20040724_152504_532-250x220.jpg"} )</li>
<li><em>2023-05-06 20:19:35</em>
DO ACTION <b>sirsc_image_file_deleted</b> ( {"id":1687,"file":"C:\\OSPanel\\domains\\wordpress/wp-content/uploads/2013/09/dsc20050604_133440_34211-250x220.jpg"} )</li>
<li><em>2023-05-06 20:19:35</em>
DO ACTION <b>sirsc_image_file_deleted</b> ( {"id":1691,"file":"C:\\OSPanel\\domains\\wordpress/wp-content/uploads/2014/01/dsc20050315_145007_132-250x220.jpg"} )</li>
<li><em>2023-05-06 20:19:35</em>
DO ACTION <b>sirsc_image_file_deleted</b> ( {"id":1725,"file":"C:\\OSPanel\\domains\\wordpress/wp-content/uploads/2023/04/the-illustration-graphic-consists-of-abstract-background-with-a-blue-gradient-dynamic-shapes-composition-eps10-perfect-for-presentation-background-website-landing-page-wallpaper-vector-250x220.jpg"} )</li>
<li><em>2023-05-06 20:15:47</em>
DO ACTION <b>sirsc_attachment_images_processed</b> ( {"meta":"...","id":1727} )</li>
<li><em>2023-05-06 20:15:47</em>
DO ACTION <b>sirsc_image_processed</b> ( {"id":1727,"size_name":"thumbnail"} )</li>
<li><em>2023-05-06 20:15:46</em>
DO ACTION <b>sirsc_attachment_images_processed</b> ( {"meta":"...","id":1725} )</li>
<li><em>2023-05-06 20:15:46</em>
DO ACTION <b>sirsc_image_processed</b> ( {"id":1725,"size_name":"thumbnail"} )</li>
<li><em>2023-05-06 20:15:45</em>
DO ACTION <b>sirsc_attachment_images_processed</b> ( {"meta":"...","id":1723} )</li>
<li><em>2023-05-06 20:15:45</em>
DO ACTION <b>sirsc_image_processed</b> ( {"id":1723,"size_name":"thumbnail"} )</li>
<li><em>2023-05-06 20:15:44</em>
DO ACTION <b>sirsc_attachment_images_processed</b> ( {"meta":"...","id":1721} )</li>
<li><em>2023-05-06 20:15:44</em>
DO ACTION <b>sirsc_image_processed</b> ( {"id":1721,"size_name":"thumbnail"} )</li>
<li><em>2023-05-06 20:15:43</em>
DO ACTION <b>sirsc_attachment_images_processed</b> ( {"meta":"...","id":1716} )</li>
<li><em>2023-05-06 20:15:43</em>
DO ACTION <b>sirsc_image_processed</b> ( {"id":1716,"size_name":"thumbnail"} )</li>
<li><em>2023-05-06 20:15:41</em>
DO ACTION <b>sirsc_attachment_images_processed</b> ( {"meta":"...","id":1692} )</li>
<li><em>2023-05-06 20:15:41</em>
DO ACTION <b>sirsc_image_processed</b> ( {"id":1692,"size_name":"thumbnail"} )</li>
<li><em>2023-05-06 20:15:41</em>
APPLY FILTER <strong>sirsc_custom_upload_rule</strong> ( {"settings":"...","id":1692,"type":"attachment","parent_id":501,"parent_type":"page"} )</li>
<li><em>2023-05-06 20:15:40</em>
DO ACTION <b>sirsc_attachment_images_processed</b> ( {"meta":"...","id":1691} )</li>
<li><em>2023-05-06 20:15:40</em>
DO ACTION <b>sirsc_image_processed</b> ( {"id":1691,"size_name":"thumbnail"} )</li>
<li><em>2023-05-06 20:15:40</em>
APPLY FILTER <strong>sirsc_custom_upload_rule</strong> ( {"settings":"...","id":1691,"type":"attachment","parent_id":555,"parent_type":"post"} )</li>
<li><em>2023-05-06 20:15:39</em>
DO ACTION <b>sirsc_attachment_images_processed</b> ( {"meta":"...","id":1687} )</li>
<li><em>2023-05-06 20:15:39</em>
DO ACTION <b>sirsc_image_processed</b> ( {"id":1687,"size_name":"thumbnail"} )</li>
<li><em>2023-05-06 20:15:38</em>
DO ACTION <b>sirsc_attachment_images_processed</b> ( {"meta":"...","id":1686} )</li>
<li><em>2023-05-06 20:15:38</em>
DO ACTION <b>sirsc_image_processed</b> ( {"id":1686,"size_name":"thumbnail"} )</li>
<li><em>2023-05-06 20:15:37</em>
DO ACTION <b>sirsc_attachment_images_processed</b> ( {"meta":"...","id":1628} )</li>
<li><em>2023-05-06 20:15:37</em>
DO ACTION <b>sirsc_image_processed</b> ( {"id":1628,"size_name":"thumbnail"} )</li>
<li><em>2023-05-06 20:15:36</em>
APPLY FILTER <strong>sirsc_custom_upload_rule</strong> ( {"settings":"...","id":1628,"type":"attachment","parent_id":1163,"parent_type":"post"} )</li>
<li><em>2023-05-06 20:15:35</em>
DO ACTION <b>sirsc_attachment_images_processed</b> ( {"meta":"...","id":1045} )</li>
<li><em>2023-05-06 20:15:35</em>
DO ACTION <b>sirsc_image_processed</b> ( {"id":1045,"size_name":"thumbnail"} )</li>
<li><em>2023-05-06 20:15:35</em>
APPLY FILTER <strong>sirsc_custom_upload_rule</strong> ( {"settings":"...","id":1045,"type":"attachment","parent_id":1158,"parent_type":"post"} )</li>
<li><em>2023-05-06 20:15:34</em>
DO ACTION <b>sirsc_attachment_images_processed</b> ( {"meta":"...","id":1029} )</li>
<li><em>2023-05-06 20:15:34</em>
DO ACTION <b>sirsc_image_processed</b> ( {"id":1029,"size_name":"thumbnail"} )</li>
<li><em>2023-05-06 20:15:34</em>
APPLY FILTER <strong>sirsc_custom_upload_rule</strong> ( {"settings":"...","id":1029,"type":"attachment","parent_id":1177,"parent_type":"post"} )</li>
<li><em>2023-05-06 20:15:33</em>
DO ACTION <b>sirsc_attachment_images_processed</b> ( {"meta":"...","id":1027} )</li>
<li><em>2023-05-06 20:15:33</em>
DO ACTION <b>sirsc_image_processed</b> ( {"id":1027,"size_name":"thumbnail"} )</li>
<li><em>2023-05-06 20:15:33</em>
APPLY FILTER <strong>sirsc_custom_upload_rule</strong> ( {"settings":"...","id":1027,"type":"attachment","parent_id":1016,"parent_type":"post"} )</li>
<li><em>2023-05-06 20:15:32</em>
DO ACTION <b>sirsc_attachment_images_processed</b> ( {"meta":"...","id":1025} )</li>
<li><em>2023-05-06 20:15:32</em>
DO ACTION <b>sirsc_image_processed</b> ( {"id":1025,"size_name":"thumbnail"} )</li>
<li><em>2023-05-06 20:15:32</em>
APPLY FILTER <strong>sirsc_custom_upload_rule</strong> ( {"settings":"...","id":1025,"type":"attachment","parent_id":1177,"parent_type":"post"} )</li>
<li><em>2023-05-06 20:15:30</em>
DO ACTION <b>sirsc_attachment_images_processed</b> ( {"meta":"...","id":1023} )</li>
<li><em>2023-05-06 20:15:30</em>
DO ACTION <b>sirsc_image_processed</b> ( {"id":1023,"size_name":"thumbnail"} )</li>
<li><em>2023-05-06 20:15:30</em>
APPLY FILTER <strong>sirsc_custom_upload_rule</strong> ( {"settings":"...","id":1023,"type":"attachment","parent_id":1177,"parent_type":"post"} )</li>
<li><em>2023-05-06 20:15:29</em>
DO ACTION <b>sirsc_attachment_images_processed</b> ( {"meta":"...","id":1022} )</li>
<li><em>2023-05-06 20:15:29</em>
DO ACTION <b>sirsc_image_processed</b> ( {"id":1022,"size_name":"thumbnail"} )</li>
<li><em>2023-05-06 20:15:29</em>
APPLY FILTER <strong>sirsc_custom_upload_rule</strong> ( {"settings":"...","id":1022,"type":"attachment","parent_id":1011,"parent_type":"post"} )</li>
<li><em>2023-05-06 20:15:28</em>
DO ACTION <b>sirsc_attachment_images_processed</b> ( {"meta":"...","id":968} )</li>
<li><em>2023-05-06 20:15:28</em>
DO ACTION <b>sirsc_image_processed</b> ( {"id":968,"size_name":"thumbnail"} )</li>
<li><em>2023-05-06 20:15:28</em>
APPLY FILTER <strong>sirsc_custom_upload_rule</strong> ( {"settings":"...","id":968,"type":"attachment","parent_id":1177,"parent_type":"post"} )</li>
<li><em>2023-05-06 20:15:27</em>
DO ACTION <b>sirsc_attachment_images_processed</b> ( {"meta":"...","id":967} )</li>
<li><em>2023-05-06 20:15:27</em>
DO ACTION <b>sirsc_image_processed</b> ( {"id":967,"size_name":"thumbnail"} )</li>
<li><em>2023-05-06 20:15:27</em>
APPLY FILTER <strong>sirsc_custom_upload_rule</strong> ( {"settings":"...","id":967,"type":"attachment","parent_id":1177,"parent_type":"post"} )</li>
<li><em>2023-05-06 20:15:26</em>
DO ACTION <b>sirsc_attachment_images_processed</b> ( {"meta":"...","id":827} )</li>
<li><em>2023-05-06 20:15:26</em>
DO ACTION <b>sirsc_image_processed</b> ( {"id":827,"size_name":"thumbnail"} )</li>
<li><em>2023-05-06 20:15:26</em>
APPLY FILTER <strong>sirsc_custom_upload_rule</strong> ( {"settings":"...","id":827,"type":"attachment","parent_id":501,"parent_type":"page"} )</li>
<li><em>2023-05-06 20:15:24</em>
DO ACTION <b>sirsc_attachment_images_processed</b> ( {"meta":"...","id":811} )</li>
<li><em>2023-05-06 20:15:24</em>
DO ACTION <b>sirsc_image_processed</b> ( {"id":811,"size_name":"thumbnail"} )</li>
<li><em>2023-05-06 20:15:24</em>
APPLY FILTER <strong>sirsc_custom_upload_rule</strong> ( {"settings":"...","id":811,"type":"attachment","parent_id":555,"parent_type":"post"} )</li>
<li><em>2023-05-06 20:15:23</em>
DO ACTION <b>sirsc_attachment_images_processed</b> ( {"meta":"...","id":807} )</li>
<li><em>2023-05-06 20:15:23</em>
DO ACTION <b>sirsc_image_processed</b> ( {"id":807,"size_name":"thumbnail"} )</li>
<li><em>2023-05-06 20:15:23</em>
APPLY FILTER <strong>sirsc_custom_upload_rule</strong> ( {"settings":"...","id":807,"type":"attachment","parent_id":555,"parent_type":"post"} )</li>
<li><em>2023-05-06 20:15:22</em>
DO ACTION <b>sirsc_attachment_images_processed</b> ( {"meta":"...","id":771} )</li>
<li><em>2023-05-06 20:15:22</em>
DO ACTION <b>sirsc_image_processed</b> ( {"id":771,"size_name":"thumbnail"} )</li>
<li><em>2023-05-06 20:15:22</em>
APPLY FILTER <strong>sirsc_custom_upload_rule</strong> ( {"settings":"...","id":771,"type":"attachment","parent_id":555,"parent_type":"post"} )</li>
<li><em>2023-05-06 20:15:21</em>
DO ACTION <b>sirsc_attachment_images_processed</b> ( {"meta":"...","id":770} )</li>
<li><em>2023-05-06 20:15:21</em>
DO ACTION <b>sirsc_image_processed</b> ( {"id":770,"size_name":"thumbnail"} )</li>
<li><em>2023-05-06 20:15:21</em>
APPLY FILTER <strong>sirsc_custom_upload_rule</strong> ( {"settings":"...","id":770,"type":"attachment","parent_id":555,"parent_type":"post"} )</li>
<li><em>2023-05-06 20:15:20</em>
DO ACTION <b>sirsc_attachment_images_processed</b> ( {"meta":"...","id":769} )</li>
<li><em>2023-05-06 20:15:19</em>
DO ACTION <b>sirsc_image_processed</b> ( {"id":769,"size_name":"thumbnail"} )</li>
<li><em>2023-05-06 20:15:19</em>
APPLY FILTER <strong>sirsc_custom_upload_rule</strong> ( {"settings":"...","id":769,"type":"attachment","parent_id":555,"parent_type":"post"} )</li>
<li><em>2023-05-06 20:15:18</em>
DO ACTION <b>sirsc_attachment_images_processed</b> ( {"meta":"...","id":768} )</li>
<li><em>2023-05-06 20:15:18</em>
DO ACTION <b>sirsc_image_processed</b> ( {"id":768,"size_name":"thumbnail"} )</li>
<li><em>2023-05-06 20:15:18</em>
APPLY FILTER <strong>sirsc_custom_upload_rule</strong> ( {"settings":"...","id":768,"type":"attachment","parent_id":555,"parent_type":"post"} )</li>
<li><em>2023-05-06 20:15:17</em>
DO ACTION <b>sirsc_attachment_images_processed</b> ( {"meta":"...","id":767} )</li>
<li><em>2023-05-06 20:15:17</em>
DO ACTION <b>sirsc_image_processed</b> ( {"id":767,"size_name":"thumbnail"} )</li>
<li><em>2023-05-06 20:15:17</em>
APPLY FILTER <strong>sirsc_custom_upload_rule</strong> ( {"settings":"...","id":767,"type":"attachment","parent_id":555,"parent_type":"post"} )</li>
<li><em>2023-05-06 20:15:16</em>
DO ACTION <b>sirsc_attachment_images_processed</b> ( {"meta":"...","id":766} )</li>
<li><em>2023-05-06 20:15:16</em>
DO ACTION <b>sirsc_image_processed</b> ( {"id":766,"size_name":"thumbnail"} )</li>
<li><em>2023-05-06 20:15:16</em>
APPLY FILTER <strong>sirsc_custom_upload_rule</strong> ( {"settings":"...","id":766,"type":"attachment","parent_id":555,"parent_type":"post"} )</li>
<li><em>2023-05-06 20:15:14</em>
DO ACTION <b>sirsc_attachment_images_processed</b> ( {"meta":"...","id":765} )</li>
<li><em>2023-05-06 20:15:14</em>
DO ACTION <b>sirsc_image_processed</b> ( {"id":765,"size_name":"thumbnail"} )</li>
<li><em>2023-05-06 20:15:14</em>
APPLY FILTER <strong>sirsc_custom_upload_rule</strong> ( {"settings":"...","id":765,"type":"attachment","parent_id":555,"parent_type":"post"} )</li>
<li><em>2023-05-06 20:15:13</em>
DO ACTION <b>sirsc_attachment_images_processed</b> ( {"meta":"...","id":764} )</li>
<li><em>2023-05-06 20:15:13</em>
DO ACTION <b>sirsc_image_processed</b> ( {"id":764,"size_name":"thumbnail"} )</li>
<li><em>2023-05-06 20:15:13</em>
APPLY FILTER <strong>sirsc_custom_upload_rule</strong> ( {"settings":"...","id":764,"type":"attachment","parent_id":555,"parent_type":"post"} )</li>
<li><em>2023-05-06 20:15:12</em>
DO ACTION <b>sirsc_attachment_images_processed</b> ( {"meta":"...","id":763} )</li>
<li><em>2023-05-06 20:15:12</em>
DO ACTION <b>sirsc_image_processed</b> ( {"id":763,"size_name":"thumbnail"} )</li>
<li><em>2023-05-06 20:15:12</em>
APPLY FILTER <strong>sirsc_custom_upload_rule</strong> ( {"settings":"...","id":763,"type":"attachment","parent_id":555,"parent_type":"post"} )</li>
<li><em>2023-05-06 20:15:11</em>
DO ACTION <b>sirsc_attachment_images_processed</b> ( {"meta":"...","id":762} )</li>
<li><em>2023-05-06 20:15:11</em>
DO ACTION <b>sirsc_image_processed</b> ( {"id":762,"size_name":"thumbnail"} )</li>
<li><em>2023-05-06 20:15:11</em>
APPLY FILTER <strong>sirsc_custom_upload_rule</strong> ( {"settings":"...","id":762,"type":"attachment","parent_id":555,"parent_type":"post"} )</li>
<li><em>2023-05-06 20:15:09</em>
DO ACTION <b>sirsc_attachment_images_processed</b> ( {"meta":"...","id":761} )</li>
<li><em>2023-05-06 20:15:09</em>
DO ACTION <b>sirsc_image_processed</b> ( {"id":761,"size_name":"thumbnail"} )</li>
<li><em>2023-05-06 20:15:09</em>
APPLY FILTER <strong>sirsc_custom_upload_rule</strong> ( {"settings":"...","id":761,"type":"attachment","parent_id":555,"parent_type":"post"} )</li>
<li><em>2023-05-06 20:15:08</em>
DO ACTION <b>sirsc_attachment_images_processed</b> ( {"meta":"...","id":760} )</li>
<li><em>2023-05-06 20:15:08</em>
DO ACTION <b>sirsc_image_processed</b> ( {"id":760,"size_name":"thumbnail"} )</li>
<li><em>2023-05-06 20:15:08</em>
APPLY FILTER <strong>sirsc_custom_upload_rule</strong> ( {"settings":"...","id":760,"type":"attachment","parent_id":555,"parent_type":"post"} )</li>
<li><em>2023-05-06 20:15:07</em>
DO ACTION <b>sirsc_attachment_images_processed</b> ( {"meta":"...","id":759} )</li>
<li><em>2023-05-06 20:15:07</em>
DO ACTION <b>sirsc_image_processed</b> ( {"id":759,"size_name":"thumbnail"} )</li>
<li><em>2023-05-06 20:15:07</em>
APPLY FILTER <strong>sirsc_custom_upload_rule</strong> ( {"settings":"...","id":759,"type":"attachment","parent_id":555,"parent_type":"post"} )</li>
<li><em>2023-05-06 20:15:06</em>
DO ACTION <b>sirsc_attachment_images_processed</b> ( {"meta":"...","id":758} )</li>
<li><em>2023-05-06 20:15:06</em>
DO ACTION <b>sirsc_image_processed</b> ( {"id":758,"size_name":"thumbnail"} )</li>
<li><em>2023-05-06 20:15:05</em>
APPLY FILTER <strong>sirsc_custom_upload_rule</strong> ( {"settings":"...","id":758,"type":"attachment","parent_id":555,"parent_type":"post"} )</li>
<li><em>2023-05-06 20:15:04</em>
DO ACTION <b>sirsc_attachment_images_processed</b> ( {"meta":"...","id":757} )</li>
<li><em>2023-05-06 20:15:04</em>
DO ACTION <b>sirsc_image_processed</b> ( {"id":757,"size_name":"thumbnail"} )</li>
<li><em>2023-05-06 20:15:04</em>
APPLY FILTER <strong>sirsc_custom_upload_rule</strong> ( {"settings":"...","id":757,"type":"attachment","parent_id":555,"parent_type":"post"} )</li>
<li><em>2023-05-06 20:15:03</em>
DO ACTION <b>sirsc_attachment_images_processed</b> ( {"meta":"...","id":756} )</li>
<li><em>2023-05-06 20:15:03</em>
DO ACTION <b>sirsc_image_processed</b> ( {"id":756,"size_name":"thumbnail"} )</li>
<li><em>2023-05-06 20:15:03</em>
APPLY FILTER <strong>sirsc_custom_upload_rule</strong> ( {"settings":"...","id":756,"type":"attachment","parent_id":555,"parent_type":"post"} )</li>
<li><em>2023-05-06 20:15:02</em>
DO ACTION <b>sirsc_attachment_images_processed</b> ( {"meta":"...","id":755} )</li>
<li><em>2023-05-06 20:15:02</em>
DO ACTION <b>sirsc_image_processed</b> ( {"id":755,"size_name":"thumbnail"} )</li>
<li><em>2023-05-06 20:15:02</em>
APPLY FILTER <strong>sirsc_custom_upload_rule</strong> ( {"settings":"...","id":755,"type":"attachment","parent_id":555,"parent_type":"post"} )</li>
<li><em>2023-05-06 20:15:00</em>
DO ACTION <b>sirsc_attachment_images_processed</b> ( {"meta":"...","id":754} )</li>
<li><em>2023-05-06 20:15:00</em>
DO ACTION <b>sirsc_image_processed</b> ( {"id":754,"size_name":"thumbnail"} )</li>
<li><em>2023-05-06 20:15:00</em>
APPLY FILTER <strong>sirsc_custom_upload_rule</strong> ( {"settings":"...","id":754,"type":"attachment","parent_id":555,"parent_type":"post"} )</li>
<li><em>2023-05-06 20:14:59</em>
DO ACTION <b>sirsc_attachment_images_processed</b> ( {"meta":"...","id":617} )</li>
<li><em>2023-05-06 20:14:59</em>
DO ACTION <b>sirsc_image_processed</b> ( {"id":617,"size_name":"thumbnail"} )</li>
<li><em>2023-05-06 20:14:59</em>
APPLY FILTER <strong>sirsc_custom_upload_rule</strong> ( {"settings":"...","id":617,"type":"attachment","parent_id":555,"parent_type":"post"} )</li>
<li><em>2023-05-06 20:14:58</em>
DO ACTION <b>sirsc_attachment_images_processed</b> ( {"meta":"...","id":616} )</li>
<li><em>2023-05-06 20:14:58</em>
DO ACTION <b>sirsc_image_processed</b> ( {"id":616,"size_name":"thumbnail"} )</li>
<li><em>2023-05-06 20:14:58</em>
APPLY FILTER <strong>sirsc_custom_upload_rule</strong> ( {"settings":"...","id":616,"type":"attachment","parent_id":555,"parent_type":"post"} )</li>
<li><em>2023-05-06 20:14:57</em>
DO ACTION <b>sirsc_attachment_images_processed</b> ( {"meta":"...","id":611} )</li>
<li><em>2023-05-06 20:14:57</em>
DO ACTION <b>sirsc_image_processed</b> ( {"id":611,"size_name":"thumbnail"} )</li>
<li><em>2023-05-06 20:14:57</em>
APPLY FILTER <strong>sirsc_custom_upload_rule</strong> ( {"settings":"...","id":611,"type":"attachment","parent_id":555,"parent_type":"post"} )</li>
<li><em>2023-05-06 20:14:55</em>
DO ACTION <b>sirsc_attachment_images_processed</b> ( {"meta":"...","id":26} )</li>
<li><em>2023-05-06 20:14:55</em>
DO ACTION <b>sirsc_image_processed</b> ( {"id":26,"size_name":"thumbnail"} )</li>
<li><em>2023-05-06 20:14:54</em>
DO ACTION <b>sirsc_attachment_images_processed</b> ( {"meta":"...","id":25} )</li>
<li><em>2023-05-06 20:14:54</em>
DO ACTION <b>sirsc_image_processed</b> ( {"id":25,"size_name":"thumbnail"} )</li>
<li><em>2023-05-06 20:14:53</em>
DO ACTION <b>sirsc_attachment_images_processed</b> ( {"meta":"...","id":14} )</li>
<li><em>2023-05-06 20:14:53</em>
DO ACTION <b>sirsc_image_processed</b> ( {"id":14,"size_name":"thumbnail"} )</li>
<li><em>2023-05-06 20:14:53</em>
APPLY FILTER <strong>sirsc_custom_upload_rule</strong> ( {"settings":"...","id":14,"type":"attachment","parent_id":12,"parent_type":"post"} )</li>
<li><em>2023-05-06 20:14:52</em>
DO ACTION <b>sirsc_attachment_images_processed</b> ( {"meta":"...","id":13} )</li>
<li><em>2023-05-06 20:14:52</em>
DO ACTION <b>sirsc_image_processed</b> ( {"id":13,"size_name":"thumbnail"} )</li>
<li><em>2023-05-06 20:14:51</em>
APPLY FILTER <strong>sirsc_custom_upload_rule</strong> ( {"settings":"...","id":13,"type":"attachment","parent_id":12,"parent_type":"post"} )</li>
<li><em>2023-05-06 20:14:50</em>
DO ACTION <b>sirsc_attachment_images_processed</b> ( {"meta":"...","id":6} )</li>
<li><em>2023-05-06 20:14:50</em>
DO ACTION <b>sirsc_image_processed</b> ( {"id":6,"size_name":"thumbnail"} )</li>
<li><em>2023-05-06 20:14:50</em>
APPLY FILTER <strong>sirsc_custom_upload_rule</strong> ( {"settings":"...","id":6,"type":"attachment","parent_id":5,"parent_type":"page"} )</li>
